DEBUG:root:DatetimeIndex(['2010-05-05', '2010-05-06', '2010-05-07', '2010-05-08',
               '2010-05-09'],
              dtype='datetime64[ns]', freq='D')
DEBUG:root:[[ 0.  0.]
 [ 0.  0.]
 [ 0.  0.]
 [ 0.  0.]
 [ 0.  0.]]
DEBUG:root:DatetimeIndex(['2010-05-05', '2010-05-06', '2010-05-07', '2010-05-08',
               '2010-05-09'],
              dtype='datetime64[ns]', freq='D')
DEBUG:root:DatetimeIndex(['2010-05-05', '2010-05-06', '2010-05-07', '2010-05-08',
               '2010-05-09'],
              dtype='datetime64[ns]', freq='D')
DEBUG:root:SingleBlockManager
Items: DatetimeIndex(['2010-05-05', '2010-05-06', '2010-05-07', '2010-05-08',
               '2010-05-09'],
              dtype='datetime64[ns]', freq='D')
FloatBlock: 5 dtype: float64
DEBUG:root:DatetimeIndex(['2010-05-05', '2010-05-06', '2010-05-07', '2010-05-08',
               '2010-05-09'],
              dtype='datetime64[ns]', freq='D')
DEBUG:root:DatetimeIndex(['2010-05-05', '2010-05-06', '2010-05-07', '2010-05-08',
               '2010-05-09'],
              dtype='datetime64[ns]', freq='D')
DEBUG:root:SingleBlockManager
Items: DatetimeIndex(['2010-05-05', '2010-05-06', '2010-05-07', '2010-05-08',
               '2010-05-09'],
              dtype='datetime64[ns]', freq='D')
FloatBlock: 5 dtype: float64
DEBUG:root:DatetimeIndex(['2010-05-05', '2010-05-06', '2010-05-07', '2010-05-08',
               '2010-05-09'],
              dtype='datetime64[ns]', freq='D')
DEBUG:root:DatetimeIndex(['2010-05-05', '2010-05-06', '2010-05-07', '2010-05-08',
               '2010-05-09'],
              dtype='datetime64[ns]', freq='D')
DEBUG:root:SingleBlockManager
Items: DatetimeIndex(['2010-05-05', '2010-05-06', '2010-05-07', '2010-05-08',
               '2010-05-09'],
              dtype='datetime64[ns]', freq='D')
FloatBlock: 5 dtype: float64
DEBUG:root:DatetimeIndex(['2010-05-05', '2010-05-06', '2010-05-07', '2010-05-08',
               '2010-05-09'],
              dtype='datetime64[ns]', freq='D')
DEBUG:root:DatetimeIndex(['2010-06-15', '2010-06-16', '2010-06-17', '2010-06-18',
               '2010-06-19', '2010-06-20', '2010-06-21', '2010-06-22',
               '2010-06-23', '2010-06-24'],
              dtype='datetime64[ns]', freq='D')
DEBUG:root:[0, 1, 2, 3, 4, 5, 6, 7, 8, 9]
DEBUG:root:DatetimeIndex(['2010-06-15', '2010-06-16', '2010-06-17', '2010-06-18',
               '2010-06-19', '2010-06-20', '2010-06-21', '2010-06-22',
               '2010-06-23', '2010-06-24'],
              dtype='datetime64[ns]', freq='D')
DEBUG:root:[0, 1, 2, 3, 4, 5, 6, 7, 8, 9]
DEBUG:root:[0, 1, 2, 3, 4, 5, 6, 7, 8, 9]
DEBUG:root:[0, 1, 2, 3, 4, 5, 6, 7, 8, 9]
DEBUG:root:DatetimeIndex(['2010-06-24', '2010-06-23', '2010-06-22', '2010-06-21',
               '2010-06-20', '2010-06-19', '2010-06-18', '2010-06-17',
               '2010-06-16', '2010-06-15'],
              dtype='datetime64[ns]', freq='-1D')
DEBUG:root:[0, 1, 2, 3, 4, 5, 6, 7, 8, 9]
DEBUG:root:DatetimeIndex(['2010-06-24', '2010-06-23', '2010-06-22', '2010-06-21',
               '2010-06-20', '2010-06-19', '2010-06-18', '2010-06-17',
               '2010-06-16', '2010-06-15'],
              dtype='datetime64[ns]', freq='-1D')
DEBUG:root:DatetimeIndex(['2010-06-15', '2010-06-16', '2010-06-17', '2010-06-19',
               '2010-06-20', '2010-06-21', '2010-06-22', '2010-06-23',
               '2010-06-24'],
              dtype='datetime64[ns]', freq=None)
DEBUG:root:[0, 1, 2, 3, 4, 5, 6, 7, 8]
DEBUG:root:DatetimeIndex(['2010-06-15', '2010-06-16', '2010-06-17', '2010-06-19',
               '2010-06-20', '2010-06-21', '2010-06-22', '2010-06-23',
               '2010-06-24'],
              dtype='datetime64[ns]', freq=None)
DEBUG:root:DatetimeIndex(['2010-06-15', '2010-06-16', '2010-06-17', '2010-06-18',
               '2010-06-19', '2010-06-20', '2010-06-21', '2010-06-22',
               '2010-06-23', '2010-06-24'],
              dtype='datetime64[ns]', freq='D')
DEBUG:root:[0 1 2 3 4 5 6 7 8 9]
DEBUG:root:DatetimeIndex(['2010-06-15', '2010-06-16', '2010-06-17', '2010-06-18',
               '2010-06-19', '2010-06-20', '2010-06-21', '2010-06-22',
               '2010-06-23', '2010-06-24'],
              dtype='datetime64[ns]', freq='D')
DEBUG:root:DatetimeIndex(['2010-05-05', '2010-05-06', '2010-05-07', '2010-05-08',
               '2010-05-09'],
              dtype='datetime64[ns]', freq='D')
DEBUG:root:DatetimeIndex(['2010-05-05', '2010-05-06', '2010-05-07', '2010-05-08',
               '2010-05-09'],
              dtype='datetime64[ns]', freq='D')
DEBUG:root:DatetimeIndex(['2010-05-05', '2010-05-06', '2010-05-07', '2010-05-08',
               '2010-05-09'],
              dtype='datetime64[ns]', freq='D')
DEBUG:root:DatetimeIndex(['2010-05-05', '2010-05-06', '2010-05-07', '2010-05-08',
               '2010-05-09'],
              dtype='datetime64[ns]', freq='D')
DEBUG:root:DatetimeIndex(['2010-06-15', '2010-06-16', '2010-06-17', '2010-06-18',
               '2010-06-19', '2010-06-20', '2010-06-21', '2010-06-22',
               '2010-06-23', '2010-06-24'],
              dtype='datetime64[ns]', freq='D')
DEBUG:root:[0, 1, 2, 3, 4, 5, 6, 7, 8, 9]
DEBUG:root:DatetimeIndex(['2010-06-24', '2010-06-23', '2010-06-22', '2010-06-21',
               '2010-06-20', '2010-06-19', '2010-06-18', '2010-06-17',
               '2010-06-16', '2010-06-15'],
              dtype='datetime64[ns]', freq='-1D')
DEBUG:root:DatetimeIndex(['2010-06-15', '2010-06-16', '2010-06-17', '2010-06-19',
               '2010-06-20', '2010-06-21', '2010-06-22', '2010-06-23',
               '2010-06-24'],
              dtype='datetime64[ns]', freq=None)
DEBUG:root:DatetimeIndex(['2010-06-15', '2010-06-16', '2010-06-17', '2010-06-18',
               '2010-06-19', '2010-06-20', '2010-06-21', '2010-06-22',
               '2010-06-23', '2010-06-24'],
              dtype='datetime64[ns]', freq='D')
DEBUG:root:DatetimeIndex(['2010-05-05', '2010-05-06', '2010-05-07', '2010-05-08',
               '2010-05-09'],
              dtype='datetime64[ns]', freq='D')
DEBUG:root:DatetimeIndex(['2010-05-05', '2010-05-06', '2010-05-07', '2010-05-08',
               '2010-05-09'],
              dtype='datetime64[ns]', freq='D')
DEBUG:root:DatetimeIndex(['2010-05-05', '2010-05-06', '2010-05-07', '2010-05-08',
               '2010-05-09'],
              dtype='datetime64[ns]', freq='D')
DEBUG:root:DatetimeIndex(['2010-05-05', '2010-05-06', '2010-05-07', '2010-05-08',
               '2010-05-09'],
              dtype='datetime64[ns]', freq='D')
DEBUG:root:DatetimeIndex(['2010-06-15', '2010-06-16', '2010-06-17', '2010-06-18',
               '2010-06-19', '2010-06-20', '2010-06-21', '2010-06-22',
               '2010-06-23', '2010-06-24'],
              dtype='datetime64[ns]', freq='D')
DEBUG:root:[0, 1, 2, 3, 4, 5, 6, 7, 8, 9]
DEBUG:root:DatetimeIndex(['2010-06-24', '2010-06-23', '2010-06-22', '2010-06-21',
               '2010-06-20', '2010-06-19', '2010-06-18', '2010-06-17',
               '2010-06-16', '2010-06-15'],
              dtype='datetime64[ns]', freq='-1D')
DEBUG:root:DatetimeIndex(['2010-06-15', '2010-06-16', '2010-06-17', '2010-06-19',
               '2010-06-20', '2010-06-21', '2010-06-22', '2010-06-23',
               '2010-06-24'],
              dtype='datetime64[ns]', freq=None)
DEBUG:root:DatetimeIndex(['2010-06-15', '2010-06-16', '2010-06-17', '2010-06-18',
               '2010-06-19', '2010-06-20', '2010-06-21', '2010-06-22',
               '2010-06-23', '2010-06-24'],
              dtype='datetime64[ns]', freq='D')
DEBUG:root:DatetimeIndex(['2010-05-05', '2010-05-06', '2010-05-07', '2010-05-08',
               '2010-05-09'],
              dtype='datetime64[ns]', freq='D')
DEBUG:root:DatetimeIndex(['2010-05-05', '2010-05-06', '2010-05-07', '2010-05-08',
               '2010-05-09'],
              dtype='datetime64[ns]', freq='D')
DEBUG:root:DatetimeIndex(['2010-05-05', '2010-05-06', '2010-05-07', '2010-05-08',
               '2010-05-09'],
              dtype='datetime64[ns]', freq='D')
DEBUG:root:DatetimeIndex(['2010-05-05', '2010-05-06', '2010-05-07', '2010-05-08',
               '2010-05-09'],
              dtype='datetime64[ns]', freq='D')
DEBUG:root:DatetimeIndex(['2010-06-15', '2010-06-16', '2010-06-17', '2010-06-18',
               '2010-06-19', '2010-06-20', '2010-06-21', '2010-06-22',
               '2010-06-23', '2010-06-24'],
              dtype='datetime64[ns]', freq='D')
DEBUG:root:[0, 1, 2, 3, 4, 5, 6, 7, 8, 9]
DEBUG:root:DatetimeIndex(['2010-06-24', '2010-06-23', '2010-06-22', '2010-06-21',
               '2010-06-20', '2010-06-19', '2010-06-18', '2010-06-17',
               '2010-06-16', '2010-06-15'],
              dtype='datetime64[ns]', freq='-1D')
DEBUG:root:DatetimeIndex(['2010-06-15', '2010-06-16', '2010-06-17', '2010-06-19',
               '2010-06-20', '2010-06-21', '2010-06-22', '2010-06-23',
               '2010-06-24'],
              dtype='datetime64[ns]', freq=None)
DEBUG:root:DatetimeIndex(['2010-06-15', '2010-06-16', '2010-06-17', '2010-06-18',
               '2010-06-19', '2010-06-20', '2010-06-21', '2010-06-22',
               '2010-06-23', '2010-06-24'],
              dtype='datetime64[ns]', freq='D')
DEBUG:root:ArgSpec(args=['self', 'data', 'index', 'columns', 'dtype', 'copy'], varargs=None, keywords=None, defaults=(None, None, None, None, False))
DEBUG:root:ArgSpec(args=['self', 'data', 'index', 'dtype', 'name', 'copy', 'fastpath'], varargs=None, keywords=None, defaults=(None, None, None, None, False, False))
DEBUG:root:ArgSpec(args=['self', 'data', 'index', 'dtype', 'name', 'copy', 'fastpath'], varargs=None, keywords=None, defaults=(None, None, None, None, False, False))
DEBUG:root:ArgSpec(args=['self', 'data', 'index', 'dtype', 'name', 'copy', 'fastpath'], varargs=None, keywords=None, defaults=(None, None, None, None, False, False))
DEBUG:root:ArgSpec(args=['self', 'data', 'index', 'dtype', 'name', 'copy', 'fastpath'], varargs=None, keywords=None, defaults=(None, None, None, None, False, False))
DEBUG:root:ArgSpec(args=['self', 'data', 'index', 'dtype', 'name', 'copy', 'fastpath'], varargs=None, keywords=None, defaults=(None, None, None, None, False, False))
DEBUG:root:ArgSpec(args=['self', 'data', 'index', 'dtype', 'name', 'copy', 'fastpath'], varargs=None, keywords=None, defaults=(None, None, None, None, False, False))
DEBUG:root:ArgSpec(args=['self', 'data', 'index', 'dtype', 'name', 'copy', 'fastpath'], varargs=None, keywords=None, defaults=(None, None, None, None, False, False))
DEBUG:root:ArgSpec(args=['self', 'data', 'index', 'columns', 'dtype', 'copy'], varargs=None, keywords=None, defaults=(None, None, None, None, False))
DEBUG:root:ArgSpec(args=['self'], varargs='args', keywords='kwargs', defaults=None)
DEBUG:root:ArgSpec(args=['self', 'data', 'index', 'columns', 'dtype', 'copy'], varargs=None, keywords=None, defaults=(None, None, None, None, False))
DEBUG:root:ArgSpec(args=['self', 'data', 'index', 'dtype', 'name', 'copy', 'fastpath'], varargs=None, keywords=None, defaults=(None, None, None, None, False, False))
DEBUG:root:ArgSpec(args=['self', 'data', 'index', 'dtype', 'name', 'copy', 'fastpath'], varargs=None, keywords=None, defaults=(None, None, None, None, False, False))
DEBUG:root:ArgSpec(args=['self', 'data', 'index', 'dtype', 'name', 'copy', 'fastpath'], varargs=None, keywords=None, defaults=(None, None, None, None, False, False))
DEBUG:root:ArgSpec(args=['self', 'data', 'index', 'dtype', 'name', 'copy', 'fastpath'], varargs=None, keywords=None, defaults=(None, None, None, None, False, False))
DEBUG:root:ArgSpec(args=['self', 'data', 'index', 'dtype', 'name', 'copy', 'fastpath'], varargs=None, keywords=None, defaults=(None, None, None, None, False, False))
DEBUG:root:ArgSpec(args=['self', 'data', 'index', 'dtype', 'name', 'copy', 'fastpath'], varargs=None, keywords=None, defaults=(None, None, None, None, False, False))
DEBUG:root:ArgSpec(args=['self', 'data', 'index', 'dtype', 'name', 'copy', 'fastpath'], varargs=None, keywords=None, defaults=(None, None, None, None, False, False))
DEBUG:root:ArgSpec(args=['self', 'data', 'index', 'columns', 'dtype', 'copy'], varargs=None, keywords=None, defaults=(None, None, None, None, False))
DEBUG:root:ArgSpec(args=['self'], varargs='args', keywords='kwargs', defaults=None)
DEBUG:root:ArgSpec(args=['self', 'data', 'index', 'columns', 'dtype', 'copy'], varargs=None, keywords=None, defaults=(None, None, None, None, False))
DEBUG:root:ArgSpec(args=['self', 'data', 'index', 'dtype', 'name', 'copy', 'fastpath'], varargs=None, keywords=None, defaults=(None, None, None, None, False, False))
DEBUG:root:ArgSpec(args=['self', 'data', 'index', 'dtype', 'name', 'copy', 'fastpath'], varargs=None, keywords=None, defaults=(None, None, None, None, False, False))
DEBUG:root:ArgSpec(args=['self', 'data', 'index', 'dtype', 'name', 'copy', 'fastpath'], varargs=None, keywords=None, defaults=(None, None, None, None, False, False))
DEBUG:root:ArgSpec(args=['self', 'data', 'index', 'dtype', 'name', 'copy', 'fastpath'], varargs=None, keywords=None, defaults=(None, None, None, None, False, False))
DEBUG:root:ArgSpec(args=['self', 'data', 'index', 'dtype', 'name', 'copy', 'fastpath'], varargs=None, keywords=None, defaults=(None, None, None, None, False, False))
DEBUG:root:ArgSpec(args=['self', 'data', 'index', 'dtype', 'name', 'copy', 'fastpath'], varargs=None, keywords=None, defaults=(None, None, None, None, False, False))
DEBUG:root:ArgSpec(args=['self', 'data', 'index', 'dtype', 'name', 'copy', 'fastpath'], varargs=None, keywords=None, defaults=(None, None, None, None, False, False))
DEBUG:root:ArgSpec(args=['self', 'data', 'index', 'columns', 'dtype', 'copy'], varargs=None, keywords=None, defaults=(None, None, None, None, False))
DEBUG:root:ArgSpec(args=['self', 'data', 'index', 'columns', 'dtype', 'copy'], varargs=None, keywords=None, defaults=(None, None, None, None, False))
DEBUG:root:ArgSpec(args=['self', 'data', 'index', 'dtype', 'name', 'copy', 'fastpath'], varargs=None, keywords=None, defaults=(None, None, None, None, False, False))
DEBUG:root:ArgSpec(args=['self', 'data', 'index', 'dtype', 'name', 'copy', 'fastpath'], varargs=None, keywords=None, defaults=(None, None, None, None, False, False))
DEBUG:root:ArgSpec(args=['self', 'data', 'index', 'dtype', 'name', 'copy', 'fastpath'], varargs=None, keywords=None, defaults=(None, None, None, None, False, False))
DEBUG:root:ArgSpec(args=['self', 'data', 'index', 'dtype', 'name', 'copy', 'fastpath'], varargs=None, keywords=None, defaults=(None, None, None, None, False, False))
DEBUG:root:ArgSpec(args=['self', 'data', 'index', 'dtype', 'name', 'copy', 'fastpath'], varargs=None, keywords=None, defaults=(None, None, None, None, False, False))
DEBUG:root:ArgSpec(args=['self', 'data', 'index', 'dtype', 'name', 'copy', 'fastpath'], varargs=None, keywords=None, defaults=(None, None, None, None, False, False))
DEBUG:root:ArgSpec(args=['self', 'data', 'index', 'dtype', 'name', 'copy', 'fastpath'], varargs=None, keywords=None, defaults=(None, None, None, None, False, False))
DEBUG:root:ArgSpec(args=['self', 'data', 'index', 'columns', 'dtype', 'copy'], varargs=None, keywords=None, defaults=(None, None, None, None, False))
DEBUG:root:ArgSpec(args=['self', 'data', 'index', 'columns', 'dtype', 'copy'], varargs=None, keywords=None, defaults=(None, None, None, None, False))
DEBUG:root:ArgSpec(args=['self', 'data', 'index', 'dtype', 'name', 'copy', 'fastpath'], varargs=None, keywords=None, defaults=(None, None, None, None, False, False))
DEBUG:root:ArgSpec(args=['self', 'data', 'index', 'dtype', 'name', 'copy', 'fastpath'], varargs=None, keywords=None, defaults=(None, None, None, None, False, False))
DEBUG:root:ArgSpec(args=['self', 'data', 'index', 'dtype', 'name', 'copy', 'fastpath'], varargs=None, keywords=None, defaults=(None, None, None, None, False, False))
DEBUG:root:ArgSpec(args=['self', 'data', 'index', 'dtype', 'name', 'copy', 'fastpath'], varargs=None, keywords=None, defaults=(None, None, None, None, False, False))
DEBUG:root:ArgSpec(args=['self', 'data', 'index', 'dtype', 'name', 'copy', 'fastpath'], varargs=None, keywords=None, defaults=(None, None, None, None, False, False))
DEBUG:root:ArgSpec(args=['self', 'data', 'index', 'dtype', 'name', 'copy', 'fastpath'], varargs=None, keywords=None, defaults=(None, None, None, None, False, False))
DEBUG:root:ArgSpec(args=['self', 'data', 'index', 'dtype', 'name', 'copy', 'fastpath'], varargs=None, keywords=None, defaults=(None, None, None, None, False, False))
DEBUG:root:ArgSpec(args=['self', 'data', 'index', 'columns', 'dtype', 'copy'], varargs=None, keywords=None, defaults=(None, None, None, None, False))
DEBUG:root:ArgSpec(args=['self', 'data', 'index', 'columns', 'dtype', 'copy'], varargs=None, keywords=None, defaults=(None, None, None, None, False))
DEBUG:root:ArgSpec(args=['self', 'data', 'index', 'dtype', 'name', 'copy', 'fastpath'], varargs=None, keywords=None, defaults=(None, None, None, None, False, False))
DEBUG:root:ArgSpec(args=['self', 'data', 'index', 'dtype', 'name', 'copy', 'fastpath'], varargs=None, keywords=None, defaults=(None, None, None, None, False, False))
DEBUG:root:ArgSpec(args=['self', 'data', 'index', 'dtype', 'name', 'copy', 'fastpath'], varargs=None, keywords=None, defaults=(None, None, None, None, False, False))
DEBUG:root:ArgSpec(args=['self', 'data', 'index', 'dtype', 'name', 'copy', 'fastpath'], varargs=None, keywords=None, defaults=(None, None, None, None, False, False))
DEBUG:root:ArgSpec(args=['self', 'data', 'index', 'dtype', 'name', 'copy', 'fastpath'], varargs=None, keywords=None, defaults=(None, None, None, None, False, False))
DEBUG:root:ArgSpec(args=['self', 'data', 'index', 'dtype', 'name', 'copy', 'fastpath'], varargs=None, keywords=None, defaults=(None, None, None, None, False, False))
DEBUG:root:ArgSpec(args=['self', 'data', 'index', 'dtype', 'name', 'copy', 'fastpath'], varargs=None, keywords=None, defaults=(None, None, None, None, False, False))
DEBUG:root:ArgSpec(args=['self', 'data', 'index', 'columns', 'dtype', 'copy'], varargs=None, keywords=None, defaults=(None, None, None, None, False))
DEBUG:root:ArgSpec(args=['self', 'data', 'index', 'columns', 'dtype', 'copy'], varargs=None, keywords=None, defaults=(None, None, None, None, False))
DEBUG:root:ArgSpec(args=['self', 'data', 'index', 'dtype', 'name', 'copy', 'fastpath'], varargs=None, keywords=None, defaults=(None, None, None, None, False, False))
DEBUG:root:ArgSpec(args=['self', 'data', 'index', 'dtype', 'name', 'copy', 'fastpath'], varargs=None, keywords=None, defaults=(None, None, None, None, False, False))
DEBUG:root:ArgSpec(args=['self', 'data', 'index', 'dtype', 'name', 'copy', 'fastpath'], varargs=None, keywords=None, defaults=(None, None, None, None, False, False))
DEBUG:root:ArgSpec(args=['self', 'data', 'index', 'dtype', 'name', 'copy', 'fastpath'], varargs=None, keywords=None, defaults=(None, None, None, None, False, False))
DEBUG:root:ArgSpec(args=['self', 'data', 'index', 'dtype', 'name', 'copy', 'fastpath'], varargs=None, keywords=None, defaults=(None, None, None, None, False, False))
DEBUG:root:ArgSpec(args=['self', 'data', 'index', 'dtype', 'name', 'copy', 'fastpath'], varargs=None, keywords=None, defaults=(None, None, None, None, False, False))
DEBUG:root:ArgSpec(args=['self', 'data', 'index', 'dtype', 'name', 'copy', 'fastpath'], varargs=None, keywords=None, defaults=(None, None, None, None, False, False))
DEBUG:root:ArgSpec(args=['self', 'data', 'index', 'columns', 'dtype', 'copy'], varargs=None, keywords=None, defaults=(None, None, None, None, False))
DEBUG:root:ArgSpec(args=['self', 'data', 'index', 'dtype', 'name', 'copy', 'fastpath'], varargs=None, keywords=None, defaults=(None, None, None, None, False, False))
DEBUG:root:ArgSpec(args=['self', 'data', 'index', 'dtype', 'name', 'copy', 'fastpath'], varargs=None, keywords=None, defaults=(None, None, None, None, False, False))
DEBUG:root:ArgSpec(args=['self', 'data', 'index', 'dtype', 'name', 'copy', 'fastpath'], varargs=None, keywords=None, defaults=(None, None, None, None, False, False))
DEBUG:root:ArgSpec(args=['self', 'data', 'index', 'columns', 'dtype', 'copy'], varargs=None, keywords=None, defaults=(None, None, None, None, False))
DEBUG:root:ArgSpec(args=['self', 'data', 'index', 'dtype', 'name', 'copy', 'fastpath'], varargs=None, keywords=None, defaults=(None, None, None, None, False, False))
DEBUG:root:ArgSpec(args=['self', 'data', 'index', 'dtype', 'name', 'copy', 'fastpath'], varargs=None, keywords=None, defaults=(None, None, None, None, False, False))
DEBUG:root:ArgSpec(args=['self', 'data', 'index', 'dtype', 'name', 'copy', 'fastpath'], varargs=None, keywords=None, defaults=(None, None, None, None, False, False))
DEBUG:root:ArgSpec(args=['self', 'data', 'index', 'dtype', 'name', 'copy', 'fastpath'], varargs=None, keywords=None, defaults=(None, None, None, None, False, False))
DEBUG:root:ArgSpec(args=['self', 'data', 'index', 'dtype', 'name', 'copy', 'fastpath'], varargs=None, keywords=None, defaults=(None, None, None, None, False, False))
DEBUG:root:ArgSpec(args=['self', 'data', 'index', 'dtype', 'name', 'copy', 'fastpath'], varargs=None, keywords=None, defaults=(None, None, None, None, False, False))
DEBUG:root:ArgSpec(args=['self', 'data', 'index', 'dtype', 'name', 'copy', 'fastpath'], varargs=None, keywords=None, defaults=(None, None, None, None, False, False))
DEBUG:root:ArgSpec(args=['self', 'data', 'index', 'columns', 'dtype', 'copy'], varargs=None, keywords=None, defaults=(None, None, None, None, False))
DEBUG:root:ArgSpec(args=['self', 'data', 'index', 'dtype', 'name', 'copy', 'fastpath'], varargs=None, keywords=None, defaults=(None, None, None, None, False, False))
DEBUG:root:ArgSpec(args=['self', 'data', 'index', 'dtype', 'name', 'copy', 'fastpath'], varargs=None, keywords=None, defaults=(None, None, None, None, False, False))
DEBUG:root:ArgSpec(args=['self', 'data', 'index', 'dtype', 'name', 'copy', 'fastpath'], varargs=None, keywords=None, defaults=(None, None, None, None, False, False))
DEBUG:root:ArgSpec(args=['self', 'data', 'index', 'columns', 'dtype', 'copy'], varargs=None, keywords=None, defaults=(None, None, None, None, False))
DEBUG:root:ArgSpec(args=['self', 'data', 'index', 'dtype', 'name', 'copy', 'fastpath'], varargs=None, keywords=None, defaults=(None, None, None, None, False, False))
DEBUG:root:ArgSpec(args=['self', 'data', 'index', 'dtype', 'name', 'copy', 'fastpath'], varargs=None, keywords=None, defaults=(None, None, None, None, False, False))
DEBUG:root:ArgSpec(args=['self', 'data', 'index', 'dtype', 'name', 'copy', 'fastpath'], varargs=None, keywords=None, defaults=(None, None, None, None, False, False))
DEBUG:root:ArgSpec(args=['self', 'data', 'index', 'dtype', 'name', 'copy', 'fastpath'], varargs=None, keywords=None, defaults=(None, None, None, None, False, False))
DEBUG:root:ArgSpec(args=['self', 'data', 'index', 'dtype', 'name', 'copy', 'fastpath'], varargs=None, keywords=None, defaults=(None, None, None, None, False, False))
DEBUG:root:ArgSpec(args=['self', 'data', 'index', 'dtype', 'name', 'copy', 'fastpath'], varargs=None, keywords=None, defaults=(None, None, None, None, False, False))
DEBUG:root:ArgSpec(args=['self', 'data', 'index', 'dtype', 'name', 'copy', 'fastpath'], varargs=None, keywords=None, defaults=(None, None, None, None, False, False))
DEBUG:root:ArgSpec(args=['self', 'data', 'index', 'dtype', 'name', 'copy', 'fastpath'], varargs=None, keywords=None, defaults=(None, None, None, None, False, False))
DEBUG:root:ArgSpec(args=['self', 'data', 'index', 'dtype', 'name', 'copy', 'fastpath'], varargs=None, keywords=None, defaults=(None, None, None, None, False, False))
DEBUG:root:ArgSpec(args=['self', 'data', 'index', 'dtype', 'name', 'copy', 'fastpath'], varargs=None, keywords=None, defaults=(None, None, None, None, False, False))
DEBUG:root:ArgSpec(args=['self', 'data', 'index', 'dtype', 'name', 'copy', 'fastpath'], varargs=None, keywords=None, defaults=(None, None, None, None, False, False))
DEBUG:root:ArgSpec(args=['self', 'data', 'index', 'columns', 'dtype', 'copy'], varargs=None, keywords=None, defaults=(None, None, None, None, False))
DEBUG:root:ArgSpec(args=['self', 'data', 'index', 'columns', 'dtype', 'copy'], varargs=None, keywords=None, defaults=(None, None, None, None, False))
DEBUG:root:ArgSpec(args=['self', 'data', 'index', 'dtype', 'name', 'copy', 'fastpath'], varargs=None, keywords=None, defaults=(None, None, None, None, False, False))
DEBUG:root:ArgSpec(args=['self', 'data', 'index', 'dtype', 'name', 'copy', 'fastpath'], varargs=None, keywords=None, defaults=(None, None, None, None, False, False))
DEBUG:root:ArgSpec(args=['self', 'data', 'index', 'dtype', 'name', 'copy', 'fastpath'], varargs=None, keywords=None, defaults=(None, None, None, None, False, False))
DEBUG:root:ArgSpec(args=['self', 'data', 'index', 'dtype', 'name', 'copy', 'fastpath'], varargs=None, keywords=None, defaults=(None, None, None, None, False, False))
DEBUG:root:ArgSpec(args=['self', 'data', 'index', 'dtype', 'name', 'copy', 'fastpath'], varargs=None, keywords=None, defaults=(None, None, None, None, False, False))
DEBUG:root:ArgSpec(args=['self', 'data', 'index', 'dtype', 'name', 'copy', 'fastpath'], varargs=None, keywords=None, defaults=(None, None, None, None, False, False))
DEBUG:root:ArgSpec(args=['self', 'data', 'index', 'dtype', 'name', 'copy', 'fastpath'], varargs=None, keywords=None, defaults=(None, None, None, None, False, False))
DEBUG:root:ArgSpec(args=['self', 'data', 'index', 'columns', 'dtype', 'copy'], varargs=None, keywords=None, defaults=(None, None, None, None, False))
DEBUG:root:ArgSpec(args=['self', 'data', 'index', 'columns', 'dtype', 'copy'], varargs=None, keywords=None, defaults=(None, None, None, None, False))
DEBUG:root:ArgSpec(args=['self', 'data', 'index', 'dtype', 'name', 'copy', 'fastpath'], varargs=None, keywords=None, defaults=(None, None, None, None, False, False))
DEBUG:root:ArgSpec(args=['self', 'data', 'index', 'dtype', 'name', 'copy', 'fastpath'], varargs=None, keywords=None, defaults=(None, None, None, None, False, False))
DEBUG:root:ArgSpec(args=['self', 'data', 'index', 'dtype', 'name', 'copy', 'fastpath'], varargs=None, keywords=None, defaults=(None, None, None, None, False, False))
DEBUG:root:ArgSpec(args=['self', 'data', 'index', 'dtype', 'name', 'copy', 'fastpath'], varargs=None, keywords=None, defaults=(None, None, None, None, False, False))
DEBUG:root:ArgSpec(args=['self', 'data', 'index', 'dtype', 'name', 'copy', 'fastpath'], varargs=None, keywords=None, defaults=(None, None, None, None, False, False))
DEBUG:root:ArgSpec(args=['self', 'data', 'index', 'dtype', 'name', 'copy', 'fastpath'], varargs=None, keywords=None, defaults=(None, None, None, None, False, False))
DEBUG:root:ArgSpec(args=['self', 'data', 'index', 'dtype', 'name', 'copy', 'fastpath'], varargs=None, keywords=None, defaults=(None, None, None, None, False, False))
DEBUG:root:ArgSpec(args=['self', 'data', 'index', 'columns', 'dtype', 'copy'], varargs=None, keywords=None, defaults=(None, None, None, None, False))
DEBUG:root:ArgSpec(args=['self', 'data', 'index', 'columns', 'dtype', 'copy'], varargs=None, keywords=None, defaults=(None, None, None, None, False))
DEBUG:root:ArgSpec(args=['self', 'data', 'index', 'dtype', 'name', 'copy', 'fastpath'], varargs=None, keywords=None, defaults=(None, None, None, None, False, False))
DEBUG:root:ArgSpec(args=['self', 'data', 'index', 'dtype', 'name', 'copy', 'fastpath'], varargs=None, keywords=None, defaults=(None, None, None, None, False, False))
DEBUG:root:ArgSpec(args=['self', 'data', 'index', 'dtype', 'name', 'copy', 'fastpath'], varargs=None, keywords=None, defaults=(None, None, None, None, False, False))
DEBUG:root:ArgSpec(args=['self', 'data', 'index', 'dtype', 'name', 'copy', 'fastpath'], varargs=None, keywords=None, defaults=(None, None, None, None, False, False))
DEBUG:root:ArgSpec(args=['self', 'data', 'index', 'dtype', 'name', 'copy', 'fastpath'], varargs=None, keywords=None, defaults=(None, None, None, None, False, False))
DEBUG:root:ArgSpec(args=['self', 'data', 'index', 'dtype', 'name', 'copy', 'fastpath'], varargs=None, keywords=None, defaults=(None, None, None, None, False, False))
DEBUG:root:ArgSpec(args=['self', 'data', 'index', 'dtype', 'name', 'copy', 'fastpath'], varargs=None, keywords=None, defaults=(None, None, None, None, False, False))
DEBUG:root:ArgSpec(args=['self', 'data', 'index', 'columns', 'dtype', 'copy'], varargs=None, keywords=None, defaults=(None, None, None, None, False))
DEBUG:root:ArgSpec(args=['self', 'data', 'index', 'columns', 'dtype', 'copy'], varargs=None, keywords=None, defaults=(None, None, None, None, False))
DEBUG:root:ArgSpec(args=['self', 'data', 'index', 'dtype', 'name', 'copy', 'fastpath'], varargs=None, keywords=None, defaults=(None, None, None, None, False, False))
DEBUG:root:ArgSpec(args=['self', 'data', 'index', 'dtype', 'name', 'copy', 'fastpath'], varargs=None, keywords=None, defaults=(None, None, None, None, False, False))
DEBUG:root:ArgSpec(args=['self', 'data', 'index', 'dtype', 'name', 'copy', 'fastpath'], varargs=None, keywords=None, defaults=(None, None, None, None, False, False))
DEBUG:root:ArgSpec(args=['self', 'data', 'index', 'dtype', 'name', 'copy', 'fastpath'], varargs=None, keywords=None, defaults=(None, None, None, None, False, False))
DEBUG:root:ArgSpec(args=['self', 'data', 'index', 'dtype', 'name', 'copy', 'fastpath'], varargs=None, keywords=None, defaults=(None, None, None, None, False, False))
DEBUG:root:ArgSpec(args=['self', 'data', 'index', 'dtype', 'name', 'copy', 'fastpath'], varargs=None, keywords=None, defaults=(None, None, None, None, False, False))
DEBUG:root:ArgSpec(args=['self', 'data', 'index', 'dtype', 'name', 'copy', 'fastpath'], varargs=None, keywords=None, defaults=(None, None, None, None, False, False))
DEBUG:root:ArgSpec(args=['self', 'data', 'index', 'columns', 'dtype', 'copy'], varargs=None, keywords=None, defaults=(None, None, None, None, False))
DEBUG:root:ArgSpec(args=['self', 'data', 'index', 'columns', 'dtype', 'copy'], varargs=None, keywords=None, defaults=(None, None, None, None, False))
DEBUG:root:ArgSpec(args=['self', 'data', 'index', 'dtype', 'name', 'copy', 'fastpath'], varargs=None, keywords=None, defaults=(None, None, None, None, False, False))
DEBUG:root:ArgSpec(args=['self', 'data', 'index', 'dtype', 'name', 'copy', 'fastpath'], varargs=None, keywords=None, defaults=(None, None, None, None, False, False))
DEBUG:root:ArgSpec(args=['self', 'data', 'index', 'dtype', 'name', 'copy', 'fastpath'], varargs=None, keywords=None, defaults=(None, None, None, None, False, False))
DEBUG:root:ArgSpec(args=['self', 'data', 'index', 'dtype', 'name', 'copy', 'fastpath'], varargs=None, keywords=None, defaults=(None, None, None, None, False, False))
DEBUG:root:ArgSpec(args=['self', 'data', 'index', 'dtype', 'name', 'copy', 'fastpath'], varargs=None, keywords=None, defaults=(None, None, None, None, False, False))
DEBUG:root:ArgSpec(args=['self', 'data', 'index', 'dtype', 'name', 'copy', 'fastpath'], varargs=None, keywords=None, defaults=(None, None, None, None, False, False))
DEBUG:root:ArgSpec(args=['self', 'data', 'index', 'dtype', 'name', 'copy', 'fastpath'], varargs=None, keywords=None, defaults=(None, None, None, None, False, False))
DEBUG:root:ArgSpec(args=['self', 'data', 'index', 'columns', 'dtype', 'copy'], varargs=None, keywords=None, defaults=(None, None, None, None, False))
DEBUG:root:ArgSpec(args=['self', 'data', 'index', 'columns', 'dtype', 'copy'], varargs=None, keywords=None, defaults=(None, None, None, None, False))
DEBUG:root:ArgSpec(args=['self', 'data', 'index', 'dtype', 'name', 'copy', 'fastpath'], varargs=None, keywords=None, defaults=(None, None, None, None, False, False))
DEBUG:root:ArgSpec(args=['self', 'data', 'index', 'dtype', 'name', 'copy', 'fastpath'], varargs=None, keywords=None, defaults=(None, None, None, None, False, False))
DEBUG:root:ArgSpec(args=['self', 'data', 'index', 'dtype', 'name', 'copy', 'fastpath'], varargs=None, keywords=None, defaults=(None, None, None, None, False, False))
DEBUG:root:ArgSpec(args=['self', 'data', 'index', 'dtype', 'name', 'copy', 'fastpath'], varargs=None, keywords=None, defaults=(None, None, None, None, False, False))
DEBUG:root:ArgSpec(args=['self', 'data', 'index', 'dtype', 'name', 'copy', 'fastpath'], varargs=None, keywords=None, defaults=(None, None, None, None, False, False))
DEBUG:root:ArgSpec(args=['self', 'data', 'index', 'dtype', 'name', 'copy', 'fastpath'], varargs=None, keywords=None, defaults=(None, None, None, None, False, False))
DEBUG:root:ArgSpec(args=['self', 'data', 'index', 'dtype', 'name', 'copy', 'fastpath'], varargs=None, keywords=None, defaults=(None, None, None, None, False, False))
DEBUG:root:ArgSpec(args=['self', 'data', 'index', 'columns', 'dtype', 'copy'], varargs=None, keywords=None, defaults=(None, None, None, None, False))
DEBUG:root:ArgSpec(args=['self', 'data', 'index', 'columns', 'dtype', 'copy'], varargs=None, keywords=None, defaults=(None, None, None, None, False))
DEBUG:root:ArgSpec(args=['self', 'data', 'index', 'dtype', 'name', 'copy', 'fastpath'], varargs=None, keywords=None, defaults=(None, None, None, None, False, False))
DEBUG:root:ArgSpec(args=['self', 'data', 'index', 'dtype', 'name', 'copy', 'fastpath'], varargs=None, keywords=None, defaults=(None, None, None, None, False, False))
DEBUG:root:ArgSpec(args=['self', 'data', 'index', 'dtype', 'name', 'copy', 'fastpath'], varargs=None, keywords=None, defaults=(None, None, None, None, False, False))
DEBUG:root:ArgSpec(args=['self', 'data', 'index', 'dtype', 'name', 'copy', 'fastpath'], varargs=None, keywords=None, defaults=(None, None, None, None, False, False))
DEBUG:root:ArgSpec(args=['self', 'data', 'index', 'dtype', 'name', 'copy', 'fastpath'], varargs=None, keywords=None, defaults=(None, None, None, None, False, False))
DEBUG:root:ArgSpec(args=['self', 'data', 'index', 'dtype', 'name', 'copy', 'fastpath'], varargs=None, keywords=None, defaults=(None, None, None, None, False, False))
DEBUG:root:ArgSpec(args=['self', 'data', 'index', 'dtype', 'name', 'copy', 'fastpath'], varargs=None, keywords=None, defaults=(None, None, None, None, False, False))
DEBUG:root:ArgSpec(args=['self', 'data', 'index', 'columns', 'dtype', 'copy'], varargs=None, keywords=None, defaults=(None, None, None, None, False))
